# JRE version: OpenJDK Runtime Environment (8.0_152-b06) (build 1.8.0_152-release-1136-b06)
# Java VM: OpenJDK 64-Bit Server VM (25.152-b06 mixed mode windows-amd64 compressed oops)
Heap:
 PSYoungGen      total 358400K, used 87978K [0x00000000e0000000, 0x00000000fe200000, 0x0000000100000000)
  eden space 313856K, 28% used [0x00000000e0000000,0x00000000e55eab90,0x00000000f3280000)
  from space 44544K, 0% used [0x00000000f7900000,0x00000000f7900000,0x00000000fa480000)
  to   space 72192K, 0% used [0x00000000f3280000,0x00000000f3280000,0x00000000f7900000)
 ParOldGen       total 172544K, used 137605K [0x00000000a0000000, 0x00000000aa880000, 0x00000000e0000000)
  object space 172544K, 79% used [0x00000000a0000000,0x00000000a8661550,0x00000000aa880000)
 Metaspace       used 88390K, capacity 91114K, committed 91776K, reserved 1128448K
  class space    used 11376K, capacity 11994K, committed 12160K, reserved 1048576K
GC Heap History (10 events):
Event: 54.148 GC heap before
{Heap before GC invocations=19 (full 3):
 PSYoungGen      total 248832K, used 248825K [0x00000000e0000000, 0x00000000f5c00000, 0x0000000100000000)
  eden space 228864K, 100% used [0x00000000e0000000,0x00000000edf80000,0x00000000edf80000)
  from space 19968K, 99% used [0x00000000edf80000,0x00000000ef2fe410,0x00000000ef300000)
  to   space 27136K, 0% used [0x00000000f4180000,0x00000000f4180000,0x00000000f5c00000)
 ParOldGen       total 98304K, used 56907K [0x00000000a0000000, 0x00000000a6000000, 0x00000000e0000000)
  object space 98304K, 57% used [0x00000000a0000000,0x00000000a3792f68,0x00000000a6000000)
 Metaspace       used 77469K, capacity 79498K, committed 79616K, reserved 1118208K
  class space    used 10156K, capacity 10684K, committed 10752K, reserved 1048576K
Event: 54.229 GC heap after
Heap after GC invocations=19 (full 3):
 PSYoungGen      total 312832K, used 27112K [0x00000000e0000000, 0x00000000f7c00000, 0x0000000100000000)
  eden space 285696K, 0% used [0x00000000e0000000,0x00000000e0000000,0x00000000f1700000)
  from space 27136K, 99% used [0x00000000f4180000,0x00000000f5bfa268,0x00000000f5c00000)
  to   space 43520K, 0% used [0x00000000f1700000,0x00000000f1700000,0x00000000f4180000)
 ParOldGen       total 98304K, used 89014K [0x00000000a0000000, 0x00000000a6000000, 0x00000000e0000000)
  object space 98304K, 90% used [0x00000000a0000000,0x00000000a56eda18,0x00000000a6000000)
 Metaspace       used 77469K, capacity 79498K, committed 79616K, reserved 1118208K
  class space    used 10156K, capacity 10684K, committed 10752K, reserved 1048576K
}
Event: 54.229 GC heap before
{Heap before GC invocations=20 (full 4):
 PSYoungGen      total 312832K, used 27112K [0x00000000e0000000, 0x00000000f7c00000, 0x0000000100000000)
  eden space 285696K, 0% used [0x00000000e0000000,0x00000000e0000000,0x00000000f1700000)
  from space 27136K, 99% used [0x00000000f4180000,0x00000000f5bfa268,0x00000000f5c00000)
  to   space 43520K, 0% used [0x00000000f1700000,0x00000000f1700000,0x00000000f4180000)
 ParOldGen       total 98304K, used 89014K [0x00000000a0000000, 0x00000000a6000000, 0x00000000e0000000)
  object space 98304K, 90% used [0x00000000a0000000,0x00000000a56eda18,0x00000000a6000000)
 Metaspace       used 77469K, capacity 79498K, committed 79616K, reserved 1118208K
  class space    used 10156K, capacity 10684K, committed 10752K, reserved 1048576K
Event: 54.642 GC heap after
Heap after GC invocations=20 (full 4):
 PSYoungGen      total 312832K, used 0K [0x00000000e0000000, 0x00000000f7c00000, 0x0000000100000000)
  eden space 285696K, 0% used [0x00000000e0000000,0x00000000e0000000,0x00000000f1700000)
  from space 27136K, 0% used [0x00000000f4180000,0x00000000f4180000,0x00000000f5c00000)
  to   space 43520K, 0% used [0x00000000f1700000,0x00000000f1700000,0x00000000f4180000)
 ParOldGen       total 172544K, used 97370K [0x00000000a0000000, 0x00000000aa880000, 0x00000000e0000000)
  object space 172544K, 56% used [0x00000000a0000000,0x00000000a5f16850,0x00000000aa880000)
 Metaspace       used 77469K, capacity 79498K, committed 79616K, reserved 1118208K
  class space    used 10156K, capacity 10684K, committed 10752K, reserved 1048576K
}
Event: 67.562 GC heap before
{Heap before GC invocations=21 (full 4):
 PSYoungGen      total 312832K, used 285696K [0x00000000e0000000, 0x00000000f7c00000, 0x0000000100000000)
  eden space 285696K, 100% used [0x00000000e0000000,0x00000000f1700000,0x00000000f1700000)
  from space 27136K, 0% used [0x00000000f4180000,0x00000000f4180000,0x00000000f5c00000)
  to   space 43520K, 0% used [0x00000000f1700000,0x00000000f1700000,0x00000000f4180000)
 ParOldGen       total 172544K, used 97370K [0x00000000a0000000, 0x00000000aa880000, 0x00000000e0000000)
  object space 172544K, 56% used [0x00000000a0000000,0x00000000a5f16850,0x00000000aa880000)
 Metaspace       used 87495K, capacity 90392K, committed 90624K, reserved 1128448K
  class space    used 11310K, capacity 11947K, committed 12032K, reserved 1048576K
Event: 67.601 GC heap after
Heap after GC invocations=21 (full 4):
 PSYoungGen      total 329216K, used 24699K [0x00000000e0000000, 0x00000000fa480000, 0x0000000100000000)
  eden space 285696K, 0% used [0x00000000e0000000,0x00000000e0000000,0x00000000f1700000)
  from space 43520K, 56% used [0x00000000f1700000,0x00000000f2f1efe8,0x00000000f4180000)
  to   space 44544K, 0% used [0x00000000f7900000,0x00000000f7900000,0x00000000fa480000)
 ParOldGen       total 172544K, used 97378K [0x00000000a0000000, 0x00000000aa880000, 0x00000000e0000000)
  object space 172544K, 56% used [0x00000000a0000000,0x00000000a5f18850,0x00000000aa880000)
 Metaspace       used 87495K, capacity 90392K, committed 90624K, reserved 1128448K
  class space    used 11310K, capacity 11947K, committed 12032K, reserved 1048576K
}
Event: 71.240 GC heap before
{Heap before GC invocations=22 (full 4):
 PSYoungGen      total 329216K, used 310184K [0x00000000e0000000, 0x00000000fa480000, 0x0000000100000000)
  eden space 285696K, 99% used [0x00000000e0000000,0x00000000f16cb050,0x00000000f1700000)
  from space 43520K, 56% used [0x00000000f1700000,0x00000000f2f1efe8,0x00000000f4180000)
  to   space 44544K, 0% used [0x00000000f7900000,0x00000000f7900000,0x00000000fa480000)
 ParOldGen       total 172544K, used 97378K [0x00000000a0000000, 0x00000000aa880000, 0x00000000e0000000)
  object space 172544K, 56% used [0x00000000a0000000,0x00000000a5f18850,0x00000000aa880000)
 Metaspace       used 88508K, capacity 91460K, committed 91776K, reserved 1128448K
  class space    used 11417K, capacity 12065K, committed 12160K, reserved 1048576K
Event: 71.380 GC heap after
Heap after GC invocations=22 (full 4):
 PSYoungGen      total 358400K, used 44530K [0x00000000e0000000, 0x00000000fe200000, 0x0000000100000000)
  eden space 313856K, 0% used [0x00000000e0000000,0x00000000e0000000,0x00000000f3280000)
  from space 44544K, 99% used [0x00000000f7900000,0x00000000fa47cb38,0x00000000fa480000)
  to   space 72192K, 0% used [0x00000000f3280000,0x00000000f3280000,0x00000000f7900000)
 ParOldGen       total 172544K, used 151683K [0x00000000a0000000, 0x00000000aa880000, 0x00000000e0000000)
  object space 172544K, 87% used [0x00000000a0000000,0x00000000a9420ed0,0x00000000aa880000)
 Metaspace       used 88508K, capacity 91460K, committed 91776K, reserved 1128448K
  class space    used 11417K, capacity 12065K, committed 12160K, reserved 1048576K
}
Event: 71.380 GC heap before
{Heap before GC invocations=23 (full 5):
 PSYoungGen      total 358400K, used 44530K [0x00000000e0000000, 0x00000000fe200000, 0x0000000100000000)
  eden space 313856K, 0% used [0x00000000e0000000,0x00000000e0000000,0x00000000f3280000)
  from space 44544K, 99% used [0x00000000f7900000,0x00000000fa47cb38,0x00000000fa480000)
  to   space 72192K, 0% used [0x00000000f3280000,0x00000000f3280000,0x00000000f7900000)
 ParOldGen       total 172544K, used 151683K [0x00000000a0000000, 0x00000000aa880000, 0x00000000e0000000)
  object space 172544K, 87% used [0x00000000a0000000,0x00000000a9420ed0,0x00000000aa880000)
 Metaspace       used 88508K, capacity 91460K, committed 91776K, reserved 1128448K
  class space    used 11417K, capacity 12065K, committed 12160K, reserved 1048576K
Event: 72.135 GC heap after
Heap after GC invocations=23 (full 5):
 PSYoungGen      total 358400K, used 0K [0x00000000e0000000, 0x00000000fe200000, 0x0000000100000000)
  eden space 313856K, 0% used [0x00000000e0000000,0x00000000e0000000,0x00000000f3280000)
  from space 44544K, 0% used [0x00000000f7900000,0x00000000f7900000,0x00000000fa480000)
  to   space 72192K, 0% used [0x00000000f3280000,0x00000000f3280000,0x00000000f7900000)
 ParOldGen       total 172544K, used 137605K [0x00000000a0000000, 0x00000000aa880000, 0x00000000e0000000)
  object space 172544K, 79% used [0x00000000a0000000,0x00000000a8661550,0x00000000aa880000)
 Metaspace       used 88388K, capacity 91114K, committed 91776K, reserved 1128448K
  class space    used 11376K, capacity 11994K, committed 12160K, reserved 1048576K
}

