# JRE version: OpenJDK Runtime Environment (8.0_152-b06) (build 1.8.0_152-release-1136-b06)
# Java VM: OpenJDK 64-Bit Server VM (25.152-b06 mixed mode windows-amd64 compressed oops)
Heap:
 PSYoungGen      total 256000K, used 18876K [0x00000000e0000000, 0x00000000f4a80000, 0x0000000100000000)
  eden space 230912K, 4% used [0x00000000e0000000,0x00000000e0976be8,0x00000000ee180000)
  from space 25088K, 36% used [0x00000000f0e00000,0x00000000f16f8520,0x00000000f2680000)
  to   space 45568K, 0% used [0x00000000ee180000,0x00000000ee180000,0x00000000f0e00000)
 ParOldGen       total 177152K, used 97591K [0x00000000a0000000, 0x00000000aad00000, 0x00000000e0000000)
  object space 177152K, 55% used [0x00000000a0000000,0x00000000a5f4df88,0x00000000aad00000)
 Metaspace       used 60489K, capacity 62260K, committed 62464K, reserved 1103872K
  class space    used 8188K, capacity 8645K, committed 8704K, reserved 1048576K
GC Heap History (10 events):
Event: 11.405 GC heap before
{Heap before GC invocations=14 (full 2):
 PSYoungGen      total 138240K, used 138225K [0x00000000e0000000, 0x00000000ecf80000, 0x0000000100000000)
  eden space 126976K, 100% used [0x00000000e0000000,0x00000000e7c00000,0x00000000e7c00000)
  from space 11264K, 99% used [0x00000000e7c00000,0x00000000e86fc560,0x00000000e8700000)
  to   space 14336K, 0% used [0x00000000ec180000,0x00000000ec180000,0x00000000ecf80000)
 ParOldGen       total 47616K, used 17356K [0x00000000a0000000, 0x00000000a2e80000, 0x00000000e0000000)
  object space 47616K, 36% used [0x00000000a0000000,0x00000000a10f30e0,0x00000000a2e80000)
 Metaspace       used 53741K, capacity 55252K, committed 55424K, reserved 1097728K
  class space    used 7325K, capacity 7729K, committed 7808K, reserved 1048576K
Event: 11.438 GC heap after
Heap after GC invocations=14 (full 2):
 PSYoungGen      total 194048K, used 12949K [0x00000000e0000000, 0x00000000ecf00000, 0x0000000100000000)
  eden space 180224K, 0% used [0x00000000e0000000,0x00000000e0000000,0x00000000eb000000)
  from space 13824K, 93% used [0x00000000ec180000,0x00000000ece254c8,0x00000000ecf00000)
  to   space 15872K, 0% used [0x00000000eb000000,0x00000000eb000000,0x00000000ebf80000)
 ParOldGen       total 47616K, used 26880K [0x00000000a0000000, 0x00000000a2e80000, 0x00000000e0000000)
  object space 47616K, 56% used [0x00000000a0000000,0x00000000a1a40278,0x00000000a2e80000)
 Metaspace       used 53741K, capacity 55252K, committed 55424K, reserved 1097728K
  class space    used 7325K, capacity 7729K, committed 7808K, reserved 1048576K
}
Event: 14.519 GC heap before
{Heap before GC invocations=15 (full 2):
 PSYoungGen      total 194048K, used 166225K [0x00000000e0000000, 0x00000000ecf00000, 0x0000000100000000)
  eden space 180224K, 85% used [0x00000000e0000000,0x00000000e95af2e8,0x00000000eb000000)
  from space 13824K, 93% used [0x00000000ec180000,0x00000000ece254c8,0x00000000ecf00000)
  to   space 15872K, 0% used [0x00000000eb000000,0x00000000eb000000,0x00000000ebf80000)
 ParOldGen       total 47616K, used 26880K [0x00000000a0000000, 0x00000000a2e80000, 0x00000000e0000000)
  object space 47616K, 56% used [0x00000000a0000000,0x00000000a1a40278,0x00000000a2e80000)
 Metaspace       used 57336K, capacity 58942K, committed 59028K, reserved 1099776K
  class space    used 7749K, capacity 8172K, committed 8192K, reserved 1048576K
Event: 14.561 GC heap after
Heap after GC invocations=15 (full 2):
 PSYoungGen      total 196096K, used 15864K [0x00000000e0000000, 0x00000000f2680000, 0x0000000100000000)
  eden space 180224K, 0% used [0x00000000e0000000,0x00000000e0000000,0x00000000eb000000)
  from space 15872K, 99% used [0x00000000eb000000,0x00000000ebf7e268,0x00000000ebf80000)
  to   space 25088K, 0% used [0x00000000f0e00000,0x00000000f0e00000,0x00000000f2680000)
 ParOldGen       total 47616K, used 46303K [0x00000000a0000000, 0x00000000a2e80000, 0x00000000e0000000)
  object space 47616K, 97% used [0x00000000a0000000,0x00000000a2d37ea0,0x00000000a2e80000)
 Metaspace       used 57336K, capacity 58942K, committed 59028K, reserved 1099776K
  class space    used 7749K, capacity 8172K, committed 8192K, reserved 1048576K
}
Event: 14.561 GC heap before
{Heap before GC invocations=16 (full 3):
 PSYoungGen      total 196096K, used 15864K [0x00000000e0000000, 0x00000000f2680000, 0x0000000100000000)
  eden space 180224K, 0% used [0x00000000e0000000,0x00000000e0000000,0x00000000eb000000)
  from space 15872K, 99% used [0x00000000eb000000,0x00000000ebf7e268,0x00000000ebf80000)
  to   space 25088K, 0% used [0x00000000f0e00000,0x00000000f0e00000,0x00000000f2680000)
 ParOldGen       total 47616K, used 46303K [0x00000000a0000000, 0x00000000a2e80000, 0x00000000e0000000)
  object space 47616K, 97% used [0x00000000a0000000,0x00000000a2d37ea0,0x00000000a2e80000)
 Metaspace       used 57336K, capacity 58942K, committed 59028K, reserved 1099776K
  class space    used 7749K, capacity 8172K, committed 8192K, reserved 1048576K
Event: 14.903 GC heap after
Heap after GC invocations=16 (full 3):
 PSYoungGen      total 196096K, used 10037K [0x00000000e0000000, 0x00000000f2680000, 0x0000000100000000)
  eden space 180224K, 0% used [0x00000000e0000000,0x00000000e0000000,0x00000000eb000000)
  from space 15872K, 63% used [0x00000000eb000000,0x00000000eb9cd540,0x00000000ebf80000)
  to   space 25088K, 0% used [0x00000000f0e00000,0x00000000f0e00000,0x00000000f2680000)
 ParOldGen       total 97792K, used 47455K [0x00000000a0000000, 0x00000000a5f80000, 0x00000000e0000000)
  object space 97792K, 48% used [0x00000000a0000000,0x00000000a2e57c68,0x00000000a5f80000)
 Metaspace       used 57336K, capacity 58942K, committed 59028K, reserved 1099776K
  class space    used 7749K, capacity 8172K, committed 8192K, reserved 1048576K
}
Event: 16.566 GC heap before
{Heap before GC invocations=17 (full 3):
 PSYoungGen      total 196096K, used 190261K [0x00000000e0000000, 0x00000000f2680000, 0x0000000100000000)
  eden space 180224K, 100% used [0x00000000e0000000,0x00000000eb000000,0x00000000eb000000)
  from space 15872K, 63% used [0x00000000eb000000,0x00000000eb9cd540,0x00000000ebf80000)
  to   space 25088K, 0% used [0x00000000f0e00000,0x00000000f0e00000,0x00000000f2680000)
 ParOldGen       total 97792K, used 47455K [0x00000000a0000000, 0x00000000a5f80000, 0x00000000e0000000)
  object space 97792K, 48% used [0x00000000a0000000,0x00000000a2e57c68,0x00000000a5f80000)
 Metaspace       used 60437K, capacity 62204K, committed 62464K, reserved 1103872K
  class space    used 8187K, capacity 8647K, committed 8704K, reserved 1048576K
Event: 16.684 GC heap after
Heap after GC invocations=17 (full 3):
 PSYoungGen      total 256000K, used 25080K [0x00000000e0000000, 0x00000000f4a80000, 0x0000000100000000)
  eden space 230912K, 0% used [0x00000000e0000000,0x00000000e0000000,0x00000000ee180000)
  from space 25088K, 99% used [0x00000000f0e00000,0x00000000f267e398,0x00000000f2680000)
  to   space 45568K, 0% used [0x00000000ee180000,0x00000000ee180000,0x00000000f0e00000)
 ParOldGen       total 97792K, used 91209K [0x00000000a0000000, 0x00000000a5f80000, 0x00000000e0000000)
  object space 97792K, 93% used [0x00000000a0000000,0x00000000a59127a0,0x00000000a5f80000)
 Metaspace       used 60437K, capacity 62204K, committed 62464K, reserved 1103872K
  class space    used 8187K, capacity 8647K, committed 8704K, reserved 1048576K
}
Event: 16.684 GC heap before
{Heap before GC invocations=18 (full 4):
 PSYoungGen      total 256000K, used 25080K [0x00000000e0000000, 0x00000000f4a80000, 0x0000000100000000)
  eden space 230912K, 0% used [0x00000000e0000000,0x00000000e0000000,0x00000000ee180000)
  from space 25088K, 99% used [0x00000000f0e00000,0x00000000f267e398,0x00000000f2680000)
  to   space 45568K, 0% used [0x00000000ee180000,0x00000000ee180000,0x00000000f0e00000)
 ParOldGen       total 97792K, used 91209K [0x00000000a0000000, 0x00000000a5f80000, 0x00000000e0000000)
  object space 97792K, 93% used [0x00000000a0000000,0x00000000a59127a0,0x00000000a5f80000)
 Metaspace       used 60437K, capacity 62204K, committed 62464K, reserved 1103872K
  class space    used 8187K, capacity 8647K, committed 8704K, reserved 1048576K
Event: 17.344 GC heap after
Heap after GC invocations=18 (full 4):
 PSYoungGen      total 256000K, used 9185K [0x00000000e0000000, 0x00000000f4a80000, 0x0000000100000000)
  eden space 230912K, 0% used [0x00000000e0000000,0x00000000e0000000,0x00000000ee180000)
  from space 25088K, 36% used [0x00000000f0e00000,0x00000000f16f8520,0x00000000f2680000)
  to   space 45568K, 0% used [0x00000000ee180000,0x00000000ee180000,0x00000000f0e00000)
 ParOldGen       total 177152K, used 97591K [0x00000000a0000000, 0x00000000aad00000, 0x00000000e0000000)
  object space 177152K, 55% used [0x00000000a0000000,0x00000000a5f4df88,0x00000000aad00000)
 Metaspace       used 60432K, capacity 62190K, committed 62464K, reserved 1103872K
  class space    used 8186K, capacity 8644K, committed 8704K, reserved 1048576K
}

