# JRE version: OpenJDK Runtime Environment (8.0_152-b06) (build 1.8.0_152-release-1136-b06)
# Java VM: OpenJDK 64-Bit Server VM (25.152-b06 mixed mode windows-amd64 compressed oops)
Heap:
 PSYoungGen      total 212992K, used 30476K [0x00000000e0000000, 0x00000000f3d80000, 0x0000000100000000)
  eden space 182272K, 16% used [0x00000000e0000000,0x00000000e1dc3170,0x00000000eb200000)
  from space 30720K, 0% used [0x00000000ee500000,0x00000000ee500000,0x00000000f0300000)
  to   space 52224K, 0% used [0x00000000eb200000,0x00000000eb200000,0x00000000ee500000)
 ParOldGen       total 219648K, used 119371K [0x00000000a0000000, 0x00000000ad680000, 0x00000000e0000000)
  object space 219648K, 54% used [0x00000000a0000000,0x00000000a7492fd8,0x00000000ad680000)
 Metaspace       used 60492K, capacity 62260K, committed 62464K, reserved 1103872K
  class space    used 8192K, capacity 8645K, committed 8704K, reserved 1048576K
GC Heap History (10 events):
Event: 13.128 GC heap before
{Heap before GC invocations=14 (full 2):
 PSYoungGen      total 135680K, used 135666K [0x00000000e0000000, 0x00000000ebb80000, 0x0000000100000000)
  eden space 124416K, 100% used [0x00000000e0000000,0x00000000e7980000,0x00000000e7980000)
  from space 11264K, 99% used [0x00000000e7980000,0x00000000e847cae8,0x00000000e8480000)
  to   space 13824K, 0% used [0x00000000eae00000,0x00000000eae00000,0x00000000ebb80000)
 ParOldGen       total 57344K, used 17920K [0x00000000a0000000, 0x00000000a3800000, 0x00000000e0000000)
  object space 57344K, 31% used [0x00000000a0000000,0x00000000a1180038,0x00000000a3800000)
 Metaspace       used 53427K, capacity 54932K, committed 55040K, reserved 1097728K
  class space    used 7287K, capacity 7665K, committed 7680K, reserved 1048576K
Event: 13.171 GC heap after
Heap after GC invocations=14 (full 2):
 PSYoungGen      total 173056K, used 13805K [0x00000000e0000000, 0x00000000ec400000, 0x0000000100000000)
  eden space 159232K, 0% used [0x00000000e0000000,0x00000000e0000000,0x00000000e9b80000)
  from space 13824K, 99% used [0x00000000eae00000,0x00000000ebb7b510,0x00000000ebb80000)
  to   space 18944K, 0% used [0x00000000e9b80000,0x00000000e9b80000,0x00000000eae00000)
 ParOldGen       total 57344K, used 25865K [0x00000000a0000000, 0x00000000a3800000, 0x00000000e0000000)
  object space 57344K, 45% used [0x00000000a0000000,0x00000000a1942610,0x00000000a3800000)
 Metaspace       used 53427K, capacity 54932K, committed 55040K, reserved 1097728K
  class space    used 7287K, capacity 7665K, committed 7680K, reserved 1048576K
}
Event: 18.730 GC heap before
{Heap before GC invocations=15 (full 2):
 PSYoungGen      total 173056K, used 173037K [0x00000000e0000000, 0x00000000ec400000, 0x0000000100000000)
  eden space 159232K, 100% used [0x00000000e0000000,0x00000000e9b80000,0x00000000e9b80000)
  from space 13824K, 99% used [0x00000000eae00000,0x00000000ebb7b510,0x00000000ebb80000)
  to   space 18944K, 0% used [0x00000000e9b80000,0x00000000e9b80000,0x00000000eae00000)
 ParOldGen       total 57344K, used 25865K [0x00000000a0000000, 0x00000000a3800000, 0x00000000e0000000)
  object space 57344K, 45% used [0x00000000a0000000,0x00000000a1942610,0x00000000a3800000)
 Metaspace       used 57338K, capacity 58942K, committed 59028K, reserved 1099776K
  class space    used 7755K, capacity 8172K, committed 8192K, reserved 1048576K
Event: 18.770 GC heap after
Heap after GC invocations=15 (full 2):
 PSYoungGen      total 178176K, used 18937K [0x00000000e0000000, 0x00000000f0300000, 0x0000000100000000)
  eden space 159232K, 0% used [0x00000000e0000000,0x00000000e0000000,0x00000000e9b80000)
  from space 18944K, 99% used [0x00000000e9b80000,0x00000000eadfe710,0x00000000eae00000)
  to   space 30720K, 0% used [0x00000000ee500000,0x00000000ee500000,0x00000000f0300000)
 ParOldGen       total 57344K, used 50635K [0x00000000a0000000, 0x00000000a3800000, 0x00000000e0000000)
  object space 57344K, 88% used [0x00000000a0000000,0x00000000a3172f68,0x00000000a3800000)
 Metaspace       used 57338K, capacity 58942K, committed 59028K, reserved 1099776K
  class space    used 7755K, capacity 8172K, committed 8192K, reserved 1048576K
}
Event: 18.770 GC heap before
{Heap before GC invocations=16 (full 3):
 PSYoungGen      total 178176K, used 18937K [0x00000000e0000000, 0x00000000f0300000, 0x0000000100000000)
  eden space 159232K, 0% used [0x00000000e0000000,0x00000000e0000000,0x00000000e9b80000)
  from space 18944K, 99% used [0x00000000e9b80000,0x00000000eadfe710,0x00000000eae00000)
  to   space 30720K, 0% used [0x00000000ee500000,0x00000000ee500000,0x00000000f0300000)
 ParOldGen       total 57344K, used 50635K [0x00000000a0000000, 0x00000000a3800000, 0x00000000e0000000)
  object space 57344K, 88% used [0x00000000a0000000,0x00000000a3172f68,0x00000000a3800000)
 Metaspace       used 57338K, capacity 58942K, committed 59028K, reserved 1099776K
  class space    used 7755K, capacity 8172K, committed 8192K, reserved 1048576K
Event: 19.020 GC heap after
Heap after GC invocations=16 (full 3):
 PSYoungGen      total 178176K, used 979K [0x00000000e0000000, 0x00000000f0300000, 0x0000000100000000)
  eden space 159232K, 0% used [0x00000000e0000000,0x00000000e0000000,0x00000000e9b80000)
  from space 18944K, 5% used [0x00000000e9b80000,0x00000000e9c74f60,0x00000000eae00000)
  to   space 30720K, 0% used [0x00000000ee500000,0x00000000ee500000,0x00000000f0300000)
 ParOldGen       total 121856K, used 57331K [0x00000000a0000000, 0x00000000a7700000, 0x00000000e0000000)
  object space 121856K, 47% used [0x00000000a0000000,0x00000000a37fce68,0x00000000a7700000)
 Metaspace       used 57338K, capacity 58942K, committed 59028K, reserved 1099776K
  class space    used 7755K, capacity 8172K, committed 8192K, reserved 1048576K
}
Event: 20.133 GC heap before
{Heap before GC invocations=17 (full 3):
 PSYoungGen      total 178176K, used 160211K [0x00000000e0000000, 0x00000000f0300000, 0x0000000100000000)
  eden space 159232K, 100% used [0x00000000e0000000,0x00000000e9b80000,0x00000000e9b80000)
  from space 18944K, 5% used [0x00000000e9b80000,0x00000000e9c74f60,0x00000000eae00000)
  to   space 30720K, 0% used [0x00000000ee500000,0x00000000ee500000,0x00000000f0300000)
 ParOldGen       total 121856K, used 57331K [0x00000000a0000000, 0x00000000a7700000, 0x00000000e0000000)
  object space 121856K, 47% used [0x00000000a0000000,0x00000000a37fce68,0x00000000a7700000)
 Metaspace       used 59480K, capacity 61218K, committed 61312K, reserved 1101824K
  class space    used 8076K, capacity 8528K, committed 8576K, reserved 1048576K
Event: 20.291 GC heap after
Heap after GC invocations=17 (full 3):
 PSYoungGen      total 212992K, used 30700K [0x00000000e0000000, 0x00000000f3d80000, 0x0000000100000000)
  eden space 182272K, 0% used [0x00000000e0000000,0x00000000e0000000,0x00000000eb200000)
  from space 30720K, 99% used [0x00000000ee500000,0x00000000f02fb310,0x00000000f0300000)
  to   space 52224K, 0% used [0x00000000eb200000,0x00000000eb200000,0x00000000ee500000)
 ParOldGen       total 121856K, used 100539K [0x00000000a0000000, 0x00000000a7700000, 0x00000000e0000000)
  object space 121856K, 82% used [0x00000000a0000000,0x00000000a622ee80,0x00000000a7700000)
 Metaspace       used 59480K, capacity 61218K, committed 61312K, reserved 1101824K
  class space    used 8076K, capacity 8528K, committed 8576K, reserved 1048576K
}
Event: 20.291 GC heap before
{Heap before GC invocations=18 (full 4):
 PSYoungGen      total 212992K, used 30700K [0x00000000e0000000, 0x00000000f3d80000, 0x0000000100000000)
  eden space 182272K, 0% used [0x00000000e0000000,0x00000000e0000000,0x00000000eb200000)
  from space 30720K, 99% used [0x00000000ee500000,0x00000000f02fb310,0x00000000f0300000)
  to   space 52224K, 0% used [0x00000000eb200000,0x00000000eb200000,0x00000000ee500000)
 ParOldGen       total 121856K, used 100539K [0x00000000a0000000, 0x00000000a7700000, 0x00000000e0000000)
  object space 121856K, 82% used [0x00000000a0000000,0x00000000a622ee80,0x00000000a7700000)
 Metaspace       used 59480K, capacity 61218K, committed 61312K, reserved 1101824K
  class space    used 8076K, capacity 8528K, committed 8576K, reserved 1048576K
Event: 21.132 GC heap after
Heap after GC invocations=18 (full 4):
 PSYoungGen      total 212992K, used 0K [0x00000000e0000000, 0x00000000f3d80000, 0x0000000100000000)
  eden space 182272K, 0% used [0x00000000e0000000,0x00000000e0000000,0x00000000eb200000)
  from space 30720K, 0% used [0x00000000ee500000,0x00000000ee500000,0x00000000f0300000)
  to   space 52224K, 0% used [0x00000000eb200000,0x00000000eb200000,0x00000000ee500000)
 ParOldGen       total 219648K, used 119371K [0x00000000a0000000, 0x00000000ad680000, 0x00000000e0000000)
  object space 219648K, 54% used [0x00000000a0000000,0x00000000a7492fd8,0x00000000ad680000)
 Metaspace       used 59471K, capacity 61192K, committed 61312K, reserved 1101824K
  class space    used 8074K, capacity 8523K, committed 8576K, reserved 1048576K
}

