# JRE version: OpenJDK Runtime Environment (8.0_152-b06) (build 1.8.0_152-release-1136-b06)
# Java VM: OpenJDK 64-Bit Server VM (25.152-b06 mixed mode windows-amd64 compressed oops)
Heap:
 PSYoungGen      total 457728K, used 67416K [0x00000000e0000000, 0x0000000100000000, 0x0000000100000000)
  eden space 430592K, 14% used [0x00000000e0000000,0x00000000e3e04fc8,0x00000000fa480000)
  from space 27136K, 14% used [0x00000000fa480000,0x00000000fa8510a8,0x00000000fbf00000)
  to   space 37888K, 0% used [0x00000000fdb00000,0x00000000fdb00000,0x0000000100000000)
 ParOldGen       total 131072K, used 83826K [0x00000000a0000000, 0x00000000a8000000, 0x00000000e0000000)
  object space 131072K, 63% used [0x00000000a0000000,0x00000000a51dc8e0,0x00000000a8000000)
 Metaspace       used 88130K, capacity 90812K, committed 91392K, reserved 1128448K
  class space    used 11325K, capacity 11931K, committed 12032K, reserved 1048576K
GC Heap History (10 events):
Event: 51.515 GC heap before
{Heap before GC invocations=17 (full 3):
 PSYoungGen      total 209920K, used 194544K [0x00000000e0000000, 0x00000000f4d00000, 0x0000000100000000)
  eden space 194048K, 100% used [0x00000000e0000000,0x00000000ebd80000,0x00000000ebd80000)
  from space 15872K, 3% used [0x00000000ebd80000,0x00000000ebdfc390,0x00000000ecd00000)
  to   space 21504K, 0% used [0x00000000f3800000,0x00000000f3800000,0x00000000f4d00000)
 ParOldGen       total 83968K, used 47205K [0x00000000a0000000, 0x00000000a5200000, 0x00000000e0000000)
  object space 83968K, 56% used [0x00000000a0000000,0x00000000a2e196b0,0x00000000a5200000)
 Metaspace       used 66004K, capacity 67768K, committed 68096K, reserved 1107968K
  class space    used 8708K, capacity 9171K, committed 9216K, reserved 1048576K
Event: 51.574 GC heap after
Heap after GC invocations=17 (full 3):
 PSYoungGen      total 315392K, used 21490K [0x00000000e0000000, 0x00000000f5100000, 0x0000000100000000)
  eden space 293888K, 0% used [0x00000000e0000000,0x00000000e0000000,0x00000000f1f00000)
  from space 21504K, 99% used [0x00000000f3800000,0x00000000f4cfcb00,0x00000000f4d00000)
  to   space 25600K, 0% used [0x00000000f1f00000,0x00000000f1f00000,0x00000000f3800000)
 ParOldGen       total 83968K, used 48187K [0x00000000a0000000, 0x00000000a5200000, 0x00000000e0000000)
  object space 83968K, 57% used [0x00000000a0000000,0x00000000a2f0ee90,0x00000000a5200000)
 Metaspace       used 66004K, capacity 67768K, committed 68096K, reserved 1107968K
  class space    used 8708K, capacity 9171K, committed 9216K, reserved 1048576K
}
Event: 62.371 GC heap before
{Heap before GC invocations=18 (full 3):
 PSYoungGen      total 315392K, used 315378K [0x00000000e0000000, 0x00000000f5100000, 0x0000000100000000)
  eden space 293888K, 100% used [0x00000000e0000000,0x00000000f1f00000,0x00000000f1f00000)
  from space 21504K, 99% used [0x00000000f3800000,0x00000000f4cfcb00,0x00000000f4d00000)
  to   space 25600K, 0% used [0x00000000f1f00000,0x00000000f1f00000,0x00000000f3800000)
 ParOldGen       total 83968K, used 48187K [0x00000000a0000000, 0x00000000a5200000, 0x00000000e0000000)
  object space 83968K, 57% used [0x00000000a0000000,0x00000000a2f0ee90,0x00000000a5200000)
 Metaspace       used 77724K, capacity 79778K, committed 79872K, reserved 1118208K
  class space    used 10120K, capacity 10676K, committed 10752K, reserved 1048576K
Event: 62.425 GC heap after
Heap after GC invocations=18 (full 3):
 PSYoungGen      total 319488K, used 11107K [0x00000000e0000000, 0x00000000fdb00000, 0x0000000100000000)
  eden space 293888K, 0% used [0x00000000e0000000,0x00000000e0000000,0x00000000f1f00000)
  from space 25600K, 43% used [0x00000000f1f00000,0x00000000f29d8e70,0x00000000f3800000)
  to   space 24064K, 0% used [0x00000000fc380000,0x00000000fc380000,0x00000000fdb00000)
 ParOldGen       total 83968K, used 57575K [0x00000000a0000000, 0x00000000a5200000, 0x00000000e0000000)
  object space 83968K, 68% used [0x00000000a0000000,0x00000000a3839df0,0x00000000a5200000)
 Metaspace       used 77724K, capacity 79778K, committed 79872K, reserved 1118208K
  class space    used 10120K, capacity 10676K, committed 10752K, reserved 1048576K
}
Event: 72.268 GC heap before
{Heap before GC invocations=19 (full 3):
 PSYoungGen      total 319488K, used 304995K [0x00000000e0000000, 0x00000000fdb00000, 0x0000000100000000)
  eden space 293888K, 100% used [0x00000000e0000000,0x00000000f1f00000,0x00000000f1f00000)
  from space 25600K, 43% used [0x00000000f1f00000,0x00000000f29d8e70,0x00000000f3800000)
  to   space 24064K, 0% used [0x00000000fc380000,0x00000000fc380000,0x00000000fdb00000)
 ParOldGen       total 83968K, used 57575K [0x00000000a0000000, 0x00000000a5200000, 0x00000000e0000000)
  object space 83968K, 68% used [0x00000000a0000000,0x00000000a3839df0,0x00000000a5200000)
 Metaspace       used 87211K, capacity 89990K, committed 90240K, reserved 1128448K
  class space    used 11254K, capacity 11900K, committed 11904K, reserved 1048576K
Event: 72.294 GC heap after
Heap after GC invocations=19 (full 3):
 PSYoungGen      total 453120K, used 22121K [0x00000000e0000000, 0x00000000fd980000, 0x0000000100000000)
  eden space 430592K, 0% used [0x00000000e0000000,0x00000000e0000000,0x00000000fa480000)
  from space 22528K, 98% used [0x00000000fc380000,0x00000000fd91a410,0x00000000fd980000)
  to   space 27136K, 0% used [0x00000000fa480000,0x00000000fa480000,0x00000000fbf00000)
 ParOldGen       total 83968K, used 60225K [0x00000000a0000000, 0x00000000a5200000, 0x00000000e0000000)
  object space 83968K, 71% used [0x00000000a0000000,0x00000000a3ad04c8,0x00000000a5200000)
 Metaspace       used 87211K, capacity 89990K, committed 90240K, reserved 1128448K
  class space    used 11254K, capacity 11900K, committed 11904K, reserved 1048576K
}
Event: 77.183 GC heap before
{Heap before GC invocations=20 (full 3):
 PSYoungGen      total 453120K, used 452713K [0x00000000e0000000, 0x00000000fd980000, 0x0000000100000000)
  eden space 430592K, 100% used [0x00000000e0000000,0x00000000fa480000,0x00000000fa480000)
  from space 22528K, 98% used [0x00000000fc380000,0x00000000fd91a410,0x00000000fd980000)
  to   space 27136K, 0% used [0x00000000fa480000,0x00000000fa480000,0x00000000fbf00000)
 ParOldGen       total 83968K, used 60225K [0x00000000a0000000, 0x00000000a5200000, 0x00000000e0000000)
  object space 83968K, 71% used [0x00000000a0000000,0x00000000a3ad04c8,0x00000000a5200000)
 Metaspace       used 88227K, capacity 91098K, committed 91392K, reserved 1128448K
  class space    used 11358K, capacity 11990K, committed 12032K, reserved 1048576K
Event: 77.234 GC heap after
Heap after GC invocations=20 (full 3):
 PSYoungGen      total 457728K, used 27110K [0x00000000e0000000, 0x0000000100000000, 0x0000000100000000)
  eden space 430592K, 0% used [0x00000000e0000000,0x00000000e0000000,0x00000000fa480000)
  from space 27136K, 99% used [0x00000000fa480000,0x00000000fbef9ad0,0x00000000fbf00000)
  to   space 37888K, 0% used [0x00000000fdb00000,0x00000000fdb00000,0x0000000100000000)
 ParOldGen       total 83968K, used 78660K [0x00000000a0000000, 0x00000000a5200000, 0x00000000e0000000)
  object space 83968K, 93% used [0x00000000a0000000,0x00000000a4cd1008,0x00000000a5200000)
 Metaspace       used 88227K, capacity 91098K, committed 91392K, reserved 1128448K
  class space    used 11358K, capacity 11990K, committed 12032K, reserved 1048576K
}
Event: 77.234 GC heap before
{Heap before GC invocations=21 (full 4):
 PSYoungGen      total 457728K, used 27110K [0x00000000e0000000, 0x0000000100000000, 0x0000000100000000)
  eden space 430592K, 0% used [0x00000000e0000000,0x00000000e0000000,0x00000000fa480000)
  from space 27136K, 99% used [0x00000000fa480000,0x00000000fbef9ad0,0x00000000fbf00000)
  to   space 37888K, 0% used [0x00000000fdb00000,0x00000000fdb00000,0x0000000100000000)
 ParOldGen       total 83968K, used 78660K [0x00000000a0000000, 0x00000000a5200000, 0x00000000e0000000)
  object space 83968K, 93% used [0x00000000a0000000,0x00000000a4cd1008,0x00000000a5200000)
 Metaspace       used 88227K, capacity 91098K, committed 91392K, reserved 1128448K
  class space    used 11358K, capacity 11990K, committed 12032K, reserved 1048576K
Event: 77.863 GC heap after
Heap after GC invocations=21 (full 4):
 PSYoungGen      total 457728K, used 3908K [0x00000000e0000000, 0x0000000100000000, 0x0000000100000000)
  eden space 430592K, 0% used [0x00000000e0000000,0x00000000e0000000,0x00000000fa480000)
  from space 27136K, 14% used [0x00000000fa480000,0x00000000fa8510a8,0x00000000fbf00000)
  to   space 37888K, 0% used [0x00000000fdb00000,0x00000000fdb00000,0x0000000100000000)
 ParOldGen       total 131072K, used 83826K [0x00000000a0000000, 0x00000000a8000000, 0x00000000e0000000)
  object space 131072K, 63% used [0x00000000a0000000,0x00000000a51dc8e0,0x00000000a8000000)
 Metaspace       used 88127K, capacity 90812K, committed 91392K, reserved 1128448K
  class space    used 11324K, capacity 11931K, committed 12032K, reserved 1048576K
}

