# JRE version: OpenJDK Runtime Environment (8.0_152-b06) (build 1.8.0_152-release-1136-b06)
# Java VM: OpenJDK 64-Bit Server VM (25.152-b06 mixed mode windows-amd64 compressed oops)
Heap:
 PSYoungGen      total 294400K, used 148291K [0x00000000e0000000, 0x00000000f5180000, 0x0000000100000000)
  eden space 251392K, 57% used [0x00000000e0000000,0x00000000e8c12fd8,0x00000000ef580000)
  from space 43008K, 11% used [0x00000000f2780000,0x00000000f2c3df88,0x00000000f5180000)
  to   space 47104K, 0% used [0x00000000ef580000,0x00000000ef580000,0x00000000f2380000)
 ParOldGen       total 104960K, used 79199K [0x00000000a0000000, 0x00000000a6680000, 0x00000000e0000000)
  object space 104960K, 75% used [0x00000000a0000000,0x00000000a4d57f38,0x00000000a6680000)
 Metaspace       used 103254K, capacity 107852K, committed 108120K, reserved 1146880K
  class space    used 13232K, capacity 14292K, committed 14424K, reserved 1048576K
GC Heap History (10 events):
Event: 1225.122 GC heap before
{Heap before GC invocations=24 (full 3):
 PSYoungGen      total 251904K, used 251872K [0x00000000e0000000, 0x00000000f2800000, 0x0000000100000000)
  eden space 226816K, 100% used [0x00000000e0000000,0x00000000edd80000,0x00000000edd80000)
  from space 25088K, 99% used [0x00000000eff80000,0x00000000f17f80d8,0x00000000f1800000)
  to   space 34816K, 0% used [0x00000000edd80000,0x00000000edd80000,0x00000000eff80000)
 ParOldGen       total 102912K, used 77688K [0x00000000a0000000, 0x00000000a6480000, 0x00000000e0000000)
  object space 102912K, 75% used [0x00000000a0000000,0x00000000a4bde3a8,0x00000000a6480000)
 Metaspace       used 92979K, capacity 96744K, committed 96856K, reserved 1132544K
  class space    used 11946K, capacity 12877K, committed 12888K, reserved 1048576K
Event: 1225.200 GC heap after
Heap after GC invocations=24 (full 3):
 PSYoungGen      total 261632K, used 34797K [0x00000000e0000000, 0x00000000f4e00000, 0x0000000100000000)
  eden space 226816K, 0% used [0x00000000e0000000,0x00000000e0000000,0x00000000edd80000)
  from space 34816K, 99% used [0x00000000edd80000,0x00000000eff7b7f0,0x00000000eff80000)
  to   space 50688K, 0% used [0x00000000f1c80000,0x00000000f1c80000,0x00000000f4e00000)
 ParOldGen       total 104960K, used 104917K [0x00000000a0000000, 0x00000000a6680000, 0x00000000e0000000)
  object space 104960K, 99% used [0x00000000a0000000,0x00000000a66756d0,0x00000000a6680000)
 Metaspace       used 92979K, capacity 96744K, committed 96856K, reserved 1132544K
  class space    used 11946K, capacity 12877K, committed 12888K, reserved 1048576K
}
Event: 1225.200 GC heap before
{Heap before GC invocations=25 (full 4):
 PSYoungGen      total 261632K, used 34797K [0x00000000e0000000, 0x00000000f4e00000, 0x0000000100000000)
  eden space 226816K, 0% used [0x00000000e0000000,0x00000000e0000000,0x00000000edd80000)
  from space 34816K, 99% used [0x00000000edd80000,0x00000000eff7b7f0,0x00000000eff80000)
  to   space 50688K, 0% used [0x00000000f1c80000,0x00000000f1c80000,0x00000000f4e00000)
 ParOldGen       total 104960K, used 104917K [0x00000000a0000000, 0x00000000a6680000, 0x00000000e0000000)
  object space 104960K, 99% used [0x00000000a0000000,0x00000000a66756d0,0x00000000a6680000)
 Metaspace       used 92979K, capacity 96744K, committed 96856K, reserved 1132544K
  class space    used 11946K, capacity 12877K, committed 12888K, reserved 1048576K
Event: 1225.785 GC heap after
Heap after GC invocations=25 (full 4):
 PSYoungGen      total 261632K, used 0K [0x00000000e0000000, 0x00000000f4e00000, 0x0000000100000000)
  eden space 226816K, 0% used [0x00000000e0000000,0x00000000e0000000,0x00000000edd80000)
  from space 34816K, 0% used [0x00000000edd80000,0x00000000edd80000,0x00000000eff80000)
  to   space 50688K, 0% used [0x00000000f1c80000,0x00000000f1c80000,0x00000000f4e00000)
 ParOldGen       total 104960K, used 79175K [0x00000000a0000000, 0x00000000a6680000, 0x00000000e0000000)
  object space 104960K, 75% used [0x00000000a0000000,0x00000000a4d51f38,0x00000000a6680000)
 Metaspace       used 92952K, capacity 96656K, committed 96856K, reserved 1132544K
  class space    used 11938K, capacity 12869K, committed 12888K, reserved 1048576K
}
Event: 1228.264 GC heap before
{Heap before GC invocations=26 (full 4):
 PSYoungGen      total 261632K, used 226426K [0x00000000e0000000, 0x00000000f4e00000, 0x0000000100000000)
  eden space 226816K, 99% used [0x00000000e0000000,0x00000000edd1eaf0,0x00000000edd80000)
  from space 34816K, 0% used [0x00000000edd80000,0x00000000edd80000,0x00000000eff80000)
  to   space 50688K, 0% used [0x00000000f1c80000,0x00000000f1c80000,0x00000000f4e00000)
 ParOldGen       total 104960K, used 79175K [0x00000000a0000000, 0x00000000a6680000, 0x00000000e0000000)
  object space 104960K, 75% used [0x00000000a0000000,0x00000000a4d51f38,0x00000000a6680000)
 Metaspace       used 94177K, capacity 97964K, committed 98136K, reserved 1134592K
  class space    used 12111K, capacity 13045K, committed 13144K, reserved 1048576K
Event: 1228.271 GC heap after
Heap after GC invocations=26 (full 4):
 PSYoungGen      total 291840K, used 3893K [0x00000000e0000000, 0x00000000f4e00000, 0x0000000100000000)
  eden space 241152K, 0% used [0x00000000e0000000,0x00000000e0000000,0x00000000eeb80000)
  from space 50688K, 7% used [0x00000000f1c80000,0x00000000f204d658,0x00000000f4e00000)
  to   space 50176K, 0% used [0x00000000eeb80000,0x00000000eeb80000,0x00000000f1c80000)
 ParOldGen       total 104960K, used 79183K [0x00000000a0000000, 0x00000000a6680000, 0x00000000e0000000)
  object space 104960K, 75% used [0x00000000a0000000,0x00000000a4d53f38,0x00000000a6680000)
 Metaspace       used 94177K, capacity 97964K, committed 98136K, reserved 1134592K
  class space    used 12111K, capacity 13045K, committed 13144K, reserved 1048576K
}
Event: 1240.434 GC heap before
{Heap before GC invocations=27 (full 4):
 PSYoungGen      total 291840K, used 245045K [0x00000000e0000000, 0x00000000f4e00000, 0x0000000100000000)
  eden space 241152K, 100% used [0x00000000e0000000,0x00000000eeb80000,0x00000000eeb80000)
  from space 50688K, 7% used [0x00000000f1c80000,0x00000000f204d658,0x00000000f4e00000)
  to   space 50176K, 0% used [0x00000000eeb80000,0x00000000eeb80000,0x00000000f1c80000)
 ParOldGen       total 104960K, used 79183K [0x00000000a0000000, 0x00000000a6680000, 0x00000000e0000000)
  object space 104960K, 75% used [0x00000000a0000000,0x00000000a4d53f38,0x00000000a6680000)
 Metaspace       used 94678K, capacity 98642K, committed 98776K, reserved 1134592K
  class space    used 12185K, capacity 13144K, committed 13272K, reserved 1048576K
Event: 1240.447 GC heap after
Heap after GC invocations=27 (full 4):
 PSYoungGen      total 291328K, used 6821K [0x00000000e0000000, 0x00000000f5700000, 0x0000000100000000)
  eden space 241152K, 0% used [0x00000000e0000000,0x00000000e0000000,0x00000000eeb80000)
  from space 50176K, 13% used [0x00000000eeb80000,0x00000000ef229738,0x00000000f1c80000)
  to   space 48640K, 0% used [0x00000000f2780000,0x00000000f2780000,0x00000000f5700000)
 ParOldGen       total 104960K, used 79191K [0x00000000a0000000, 0x00000000a6680000, 0x00000000e0000000)
  object space 104960K, 75% used [0x00000000a0000000,0x00000000a4d55f38,0x00000000a6680000)
 Metaspace       used 94678K, capacity 98642K, committed 98776K, reserved 1134592K
  class space    used 12185K, capacity 13144K, committed 13272K, reserved 1048576K
}
Event: 1257.495 GC heap before
{Heap before GC invocations=28 (full 4):
 PSYoungGen      total 291328K, used 247973K [0x00000000e0000000, 0x00000000f5700000, 0x0000000100000000)
  eden space 241152K, 100% used [0x00000000e0000000,0x00000000eeb80000,0x00000000eeb80000)
  from space 50176K, 13% used [0x00000000eeb80000,0x00000000ef229738,0x00000000f1c80000)
  to   space 48640K, 0% used [0x00000000f2780000,0x00000000f2780000,0x00000000f5700000)
 ParOldGen       total 104960K, used 79191K [0x00000000a0000000, 0x00000000a6680000, 0x00000000e0000000)
  object space 104960K, 75% used [0x00000000a0000000,0x00000000a4d55f38,0x00000000a6680000)
 Metaspace       used 95629K, capacity 99650K, committed 99800K, reserved 1136640K
  class space    used 12283K, capacity 13246K, committed 13272K, reserved 1048576K
Event: 1257.504 GC heap after
Heap after GC invocations=28 (full 4):
 PSYoungGen      total 294400K, used 4855K [0x00000000e0000000, 0x00000000f5180000, 0x0000000100000000)
  eden space 251392K, 0% used [0x00000000e0000000,0x00000000e0000000,0x00000000ef580000)
  from space 43008K, 11% used [0x00000000f2780000,0x00000000f2c3df88,0x00000000f5180000)
  to   space 47104K, 0% used [0x00000000ef580000,0x00000000ef580000,0x00000000f2380000)
 ParOldGen       total 104960K, used 79199K [0x00000000a0000000, 0x00000000a6680000, 0x00000000e0000000)
  object space 104960K, 75% used [0x00000000a0000000,0x00000000a4d57f38,0x00000000a6680000)
 Metaspace       used 95629K, capacity 99650K, committed 99800K, reserved 1136640K
  class space    used 12283K, capacity 13246K, committed 13272K, reserved 1048576K
}

