# JRE version: OpenJDK Runtime Environment (8.0_152-b06) (build 1.8.0_152-release-1136-b06)
# Java VM: OpenJDK 64-Bit Server VM (25.152-b06 mixed mode windows-amd64 compressed oops)
Heap:
 PSYoungGen      total 243712K, used 143856K [0x00000000e0000000, 0x00000000f3680000, 0x0000000100000000)
  eden space 194048K, 71% used [0x00000000e0000000,0x00000000e873e530,0x00000000ebd80000)
  from space 49664K, 10% used [0x00000000ebd80000,0x00000000ec2bdcb8,0x00000000eee00000)
  to   space 48128K, 0% used [0x00000000f0780000,0x00000000f0780000,0x00000000f3680000)
 ParOldGen       total 204288K, used 121037K [0x00000000a0000000, 0x00000000ac780000, 0x00000000e0000000)
  object space 204288K, 59% used [0x00000000a0000000,0x00000000a7633598,0x00000000ac780000)
 Metaspace       used 61486K, capacity 63460K, committed 63616K, reserved 1103872K
  class space    used 8302K, capacity 8773K, committed 8832K, reserved 1048576K
GC Heap History (10 events):
Event: 13.698 GC heap before
{Heap before GC invocations=15 (full 2):
 PSYoungGen      total 180224K, used 175274K [0x00000000e0000000, 0x00000000ec080000, 0x0000000100000000)
  eden space 166400K, 97% used [0x00000000e0000000,0x00000000e9f3fb48,0x00000000ea280000)
  from space 13824K, 88% used [0x00000000eb300000,0x00000000ebeead98,0x00000000ec080000)
  to   space 15360K, 0% used [0x00000000ea280000,0x00000000ea280000,0x00000000eb180000)
 ParOldGen       total 51712K, used 26972K [0x00000000a0000000, 0x00000000a3280000, 0x00000000e0000000)
  object space 51712K, 52% used [0x00000000a0000000,0x00000000a1a57030,0x00000000a3280000)
 Metaspace       used 57266K, capacity 58872K, committed 59028K, reserved 1099776K
  class space    used 7753K, capacity 8171K, committed 8192K, reserved 1048576K
Event: 13.736 GC heap after
Heap after GC invocations=15 (full 2):
 PSYoungGen      total 181760K, used 15354K [0x00000000e0000000, 0x00000000f0680000, 0x0000000100000000)
  eden space 166400K, 0% used [0x00000000e0000000,0x00000000e0000000,0x00000000ea280000)
  from space 15360K, 99% used [0x00000000ea280000,0x00000000eb17e888,0x00000000eb180000)
  to   space 25088K, 0% used [0x00000000eee00000,0x00000000eee00000,0x00000000f0680000)
 ParOldGen       total 51712K, used 47131K [0x00000000a0000000, 0x00000000a3280000, 0x00000000e0000000)
  object space 51712K, 91% used [0x00000000a0000000,0x00000000a2e06c60,0x00000000a3280000)
 Metaspace       used 57266K, capacity 58872K, committed 59028K, reserved 1099776K
  class space    used 7753K, capacity 8171K, committed 8192K, reserved 1048576K
}
Event: 13.736 GC heap before
{Heap before GC invocations=16 (full 3):
 PSYoungGen      total 181760K, used 15354K [0x00000000e0000000, 0x00000000f0680000, 0x0000000100000000)
  eden space 166400K, 0% used [0x00000000e0000000,0x00000000e0000000,0x00000000ea280000)
  from space 15360K, 99% used [0x00000000ea280000,0x00000000eb17e888,0x00000000eb180000)
  to   space 25088K, 0% used [0x00000000eee00000,0x00000000eee00000,0x00000000f0680000)
 ParOldGen       total 51712K, used 47131K [0x00000000a0000000, 0x00000000a3280000, 0x00000000e0000000)
  object space 51712K, 91% used [0x00000000a0000000,0x00000000a2e06c60,0x00000000a3280000)
 Metaspace       used 57266K, capacity 58872K, committed 59028K, reserved 1099776K
  class space    used 7753K, capacity 8171K, committed 8192K, reserved 1048576K
Event: 14.033 GC heap after
Heap after GC invocations=16 (full 3):
 PSYoungGen      total 181760K, used 6433K [0x00000000e0000000, 0x00000000f0680000, 0x0000000100000000)
  eden space 166400K, 0% used [0x00000000e0000000,0x00000000e0000000,0x00000000ea280000)
  from space 15360K, 41% used [0x00000000ea280000,0x00000000ea8c8438,0x00000000eb180000)
  to   space 25088K, 0% used [0x00000000eee00000,0x00000000eee00000,0x00000000f0680000)
 ParOldGen       total 109056K, used 51281K [0x00000000a0000000, 0x00000000a6a80000, 0x00000000e0000000)
  object space 109056K, 47% used [0x00000000a0000000,0x00000000a3214520,0x00000000a6a80000)
 Metaspace       used 57266K, capacity 58872K, committed 59028K, reserved 1099776K
  class space    used 7753K, capacity 8171K, committed 8192K, reserved 1048576K
}
Event: 15.384 GC heap before
{Heap before GC invocations=17 (full 3):
 PSYoungGen      total 181760K, used 172833K [0x00000000e0000000, 0x00000000f0680000, 0x0000000100000000)
  eden space 166400K, 100% used [0x00000000e0000000,0x00000000ea280000,0x00000000ea280000)
  from space 15360K, 41% used [0x00000000ea280000,0x00000000ea8c8438,0x00000000eb180000)
  to   space 25088K, 0% used [0x00000000eee00000,0x00000000eee00000,0x00000000f0680000)
 ParOldGen       total 109056K, used 51281K [0x00000000a0000000, 0x00000000a6a80000, 0x00000000e0000000)
  object space 109056K, 47% used [0x00000000a0000000,0x00000000a3214520,0x00000000a6a80000)
 Metaspace       used 59486K, capacity 61200K, committed 61312K, reserved 1101824K
  class space    used 8079K, capacity 8525K, committed 8576K, reserved 1048576K
Event: 15.512 GC heap after
Heap after GC invocations=17 (full 3):
 PSYoungGen      total 219136K, used 25062K [0x00000000e0000000, 0x00000000f3b00000, 0x0000000100000000)
  eden space 194048K, 0% used [0x00000000e0000000,0x00000000e0000000,0x00000000ebd80000)
  from space 25088K, 99% used [0x00000000eee00000,0x00000000f0679930,0x00000000f0680000)
  to   space 49664K, 0% used [0x00000000ebd80000,0x00000000ebd80000,0x00000000eee00000)
 ParOldGen       total 109056K, used 105998K [0x00000000a0000000, 0x00000000a6a80000, 0x00000000e0000000)
  object space 109056K, 97% used [0x00000000a0000000,0x00000000a6783940,0x00000000a6a80000)
 Metaspace       used 59486K, capacity 61200K, committed 61312K, reserved 1101824K
  class space    used 8079K, capacity 8525K, committed 8576K, reserved 1048576K
}
Event: 15.512 GC heap before
{Heap before GC invocations=18 (full 4):
 PSYoungGen      total 219136K, used 25062K [0x00000000e0000000, 0x00000000f3b00000, 0x0000000100000000)
  eden space 194048K, 0% used [0x00000000e0000000,0x00000000e0000000,0x00000000ebd80000)
  from space 25088K, 99% used [0x00000000eee00000,0x00000000f0679930,0x00000000f0680000)
  to   space 49664K, 0% used [0x00000000ebd80000,0x00000000ebd80000,0x00000000eee00000)
 ParOldGen       total 109056K, used 105998K [0x00000000a0000000, 0x00000000a6a80000, 0x00000000e0000000)
  object space 109056K, 97% used [0x00000000a0000000,0x00000000a6783940,0x00000000a6a80000)
 Metaspace       used 59486K, capacity 61200K, committed 61312K, reserved 1101824K
  class space    used 8079K, capacity 8525K, committed 8576K, reserved 1048576K
Event: 16.165 GC heap after
Heap after GC invocations=18 (full 4):
 PSYoungGen      total 219136K, used 12227K [0x00000000e0000000, 0x00000000f3b00000, 0x0000000100000000)
  eden space 194048K, 0% used [0x00000000e0000000,0x00000000e0000000,0x00000000ebd80000)
  from space 25088K, 48% used [0x00000000eee00000,0x00000000ef9f0e80,0x00000000f0680000)
  to   space 49664K, 0% used [0x00000000ebd80000,0x00000000ebd80000,0x00000000eee00000)
 ParOldGen       total 204288K, used 108721K [0x00000000a0000000, 0x00000000ac780000, 0x00000000e0000000)
  object space 204288K, 53% used [0x00000000a0000000,0x00000000a6a2c4b0,0x00000000ac780000)
 Metaspace       used 59483K, capacity 61192K, committed 61312K, reserved 1101824K
  class space    used 8078K, capacity 8523K, committed 8576K, reserved 1048576K
}
Event: 19.289 GC heap before
{Heap before GC invocations=19 (full 4):
 PSYoungGen      total 219136K, used 206275K [0x00000000e0000000, 0x00000000f3b00000, 0x0000000100000000)
  eden space 194048K, 100% used [0x00000000e0000000,0x00000000ebd80000,0x00000000ebd80000)
  from space 25088K, 48% used [0x00000000eee00000,0x00000000ef9f0e80,0x00000000f0680000)
  to   space 49664K, 0% used [0x00000000ebd80000,0x00000000ebd80000,0x00000000eee00000)
 ParOldGen       total 204288K, used 108721K [0x00000000a0000000, 0x00000000ac780000, 0x00000000e0000000)
  object space 204288K, 53% used [0x00000000a0000000,0x00000000a6a2c4b0,0x00000000ac780000)
 Metaspace       used 61362K, capacity 63276K, committed 63360K, reserved 1103872K
  class space    used 8288K, capacity 8761K, committed 8832K, reserved 1048576K
Event: 19.336 GC heap after
Heap after GC invocations=19 (full 4):
 PSYoungGen      total 243712K, used 5367K [0x00000000e0000000, 0x00000000f3680000, 0x0000000100000000)
  eden space 194048K, 0% used [0x00000000e0000000,0x00000000e0000000,0x00000000ebd80000)
  from space 49664K, 10% used [0x00000000ebd80000,0x00000000ec2bdcb8,0x00000000eee00000)
  to   space 48128K, 0% used [0x00000000f0780000,0x00000000f0780000,0x00000000f3680000)
 ParOldGen       total 204288K, used 121037K [0x00000000a0000000, 0x00000000ac780000, 0x00000000e0000000)
  object space 204288K, 59% used [0x00000000a0000000,0x00000000a7633598,0x00000000ac780000)
 Metaspace       used 61362K, capacity 63276K, committed 63360K, reserved 1103872K
  class space    used 8288K, capacity 8761K, committed 8832K, reserved 1048576K
}

