# JRE version: OpenJDK Runtime Environment (8.0_152-b06) (build 1.8.0_152-release-1136-b06)
# Java VM: OpenJDK 64-Bit Server VM (25.152-b06 mixed mode windows-amd64 compressed oops)
Heap:
 PSYoungGen      total 321024K, used 79088K [0x00000000e0000000, 0x00000000f5480000, 0x0000000100000000)
  eden space 293376K, 26% used [0x00000000e0000000,0x00000000e4d3c0f0,0x00000000f1e80000)
  from space 27648K, 0% used [0x00000000f1e80000,0x00000000f1e80000,0x00000000f3980000)
  to   space 19968K, 0% used [0x00000000f4100000,0x00000000f4100000,0x00000000f5480000)
 ParOldGen       total 147456K, used 89003K [0x00000000a0000000, 0x00000000a9000000, 0x00000000e0000000)
  object space 147456K, 60% used [0x00000000a0000000,0x00000000a56eac00,0x00000000a9000000)
 Metaspace       used 90760K, capacity 93598K, committed 93952K, reserved 1130496K
  class space    used 11508K, capacity 12150K, committed 12288K, reserved 1048576K
GC Heap History (10 events):
Event: 61.501 GC heap before
{Heap before GC invocations=15 (full 3):
 PSYoungGen      total 224768K, used 204288K [0x00000000e0000000, 0x00000000f5d00000, 0x0000000100000000)
  eden space 204288K, 100% used [0x00000000e0000000,0x00000000ec780000,0x00000000ec780000)
  from space 20480K, 0% used [0x00000000ec780000,0x00000000ec780000,0x00000000edb80000)
  to   space 28672K, 0% used [0x00000000f4100000,0x00000000f4100000,0x00000000f5d00000)
 ParOldGen       total 89600K, used 46606K [0x00000000a0000000, 0x00000000a5780000, 0x00000000e0000000)
  object space 89600K, 52% used [0x00000000a0000000,0x00000000a2d83b18,0x00000000a5780000)
 Metaspace       used 64052K, capacity 65780K, committed 65920K, reserved 1105920K
  class space    used 8313K, capacity 8733K, committed 8832K, reserved 1048576K
Event: 61.523 GC heap after
Heap after GC invocations=15 (full 3):
 PSYoungGen      total 313344K, used 13162K [0x00000000e0000000, 0x00000000f5480000, 0x0000000100000000)
  eden space 293376K, 0% used [0x00000000e0000000,0x00000000e0000000,0x00000000f1e80000)
  from space 19968K, 65% used [0x00000000f4100000,0x00000000f4ddaa60,0x00000000f5480000)
  to   space 27648K, 0% used [0x00000000f1e80000,0x00000000f1e80000,0x00000000f3980000)
 ParOldGen       total 89600K, used 46614K [0x00000000a0000000, 0x00000000a5780000, 0x00000000e0000000)
  object space 89600K, 52% used [0x00000000a0000000,0x00000000a2d85b18,0x00000000a5780000)
 Metaspace       used 64052K, capacity 65780K, committed 65920K, reserved 1105920K
  class space    used 8313K, capacity 8733K, committed 8832K, reserved 1048576K
}
Event: 75.719 GC heap before
{Heap before GC invocations=16 (full 3):
 PSYoungGen      total 313344K, used 306538K [0x00000000e0000000, 0x00000000f5480000, 0x0000000100000000)
  eden space 293376K, 100% used [0x00000000e0000000,0x00000000f1e80000,0x00000000f1e80000)
  from space 19968K, 65% used [0x00000000f4100000,0x00000000f4ddaa60,0x00000000f5480000)
  to   space 27648K, 0% used [0x00000000f1e80000,0x00000000f1e80000,0x00000000f3980000)
 ParOldGen       total 89600K, used 46614K [0x00000000a0000000, 0x00000000a5780000, 0x00000000e0000000)
  object space 89600K, 52% used [0x00000000a0000000,0x00000000a2d85b18,0x00000000a5780000)
 Metaspace       used 69498K, capacity 71248K, committed 71424K, reserved 1112064K
  class space    used 8926K, capacity 9361K, committed 9472K, reserved 1048576K
Event: 75.788 GC heap after
Heap after GC invocations=16 (full 3):
 PSYoungGen      total 321024K, used 27638K [0x00000000e0000000, 0x00000000f5480000, 0x0000000100000000)
  eden space 293376K, 0% used [0x00000000e0000000,0x00000000e0000000,0x00000000f1e80000)
  from space 27648K, 99% used [0x00000000f1e80000,0x00000000f397da50,0x00000000f3980000)
  to   space 19968K, 0% used [0x00000000f4100000,0x00000000f4100000,0x00000000f5480000)
 ParOldGen       total 89600K, used 56050K [0x00000000a0000000, 0x00000000a5780000, 0x00000000e0000000)
  object space 89600K, 62% used [0x00000000a0000000,0x00000000a36bc808,0x00000000a5780000)
 Metaspace       used 69498K, capacity 71248K, committed 71424K, reserved 1112064K
  class space    used 8926K, capacity 9361K, committed 9472K, reserved 1048576K
}
Event: 88.848 GC heap before
{Heap before GC invocations=17 (full 3):
 PSYoungGen      total 321024K, used 321014K [0x00000000e0000000, 0x00000000f5480000, 0x0000000100000000)
  eden space 293376K, 100% used [0x00000000e0000000,0x00000000f1e80000,0x00000000f1e80000)
  from space 27648K, 99% used [0x00000000f1e80000,0x00000000f397da50,0x00000000f3980000)
  to   space 19968K, 0% used [0x00000000f4100000,0x00000000f4100000,0x00000000f5480000)
 ParOldGen       total 89600K, used 56050K [0x00000000a0000000, 0x00000000a5780000, 0x00000000e0000000)
  object space 89600K, 62% used [0x00000000a0000000,0x00000000a36bc808,0x00000000a5780000)
 Metaspace       used 81294K, capacity 83496K, committed 83712K, reserved 1122304K
  class space    used 10386K, capacity 10955K, committed 11008K, reserved 1048576K
Event: 88.883 GC heap after
Heap after GC invocations=17 (full 3):
 PSYoungGen      total 313344K, used 18671K [0x00000000e0000000, 0x00000000f5480000, 0x0000000100000000)
  eden space 293376K, 0% used [0x00000000e0000000,0x00000000e0000000,0x00000000f1e80000)
  from space 19968K, 93% used [0x00000000f4100000,0x00000000f533bc30,0x00000000f5480000)
  to   space 27648K, 0% used [0x00000000f1e80000,0x00000000f1e80000,0x00000000f3980000)
 ParOldGen       total 89600K, used 63014K [0x00000000a0000000, 0x00000000a5780000, 0x00000000e0000000)
  object space 89600K, 70% used [0x00000000a0000000,0x00000000a3d89ae8,0x00000000a5780000)
 Metaspace       used 81294K, capacity 83496K, committed 83712K, reserved 1122304K
  class space    used 10386K, capacity 10955K, committed 11008K, reserved 1048576K
}
Event: 97.105 GC heap before
{Heap before GC invocations=18 (full 3):
 PSYoungGen      total 313344K, used 312047K [0x00000000e0000000, 0x00000000f5480000, 0x0000000100000000)
  eden space 293376K, 100% used [0x00000000e0000000,0x00000000f1e80000,0x00000000f1e80000)
  from space 19968K, 93% used [0x00000000f4100000,0x00000000f533bc30,0x00000000f5480000)
  to   space 27648K, 0% used [0x00000000f1e80000,0x00000000f1e80000,0x00000000f3980000)
 ParOldGen       total 89600K, used 63014K [0x00000000a0000000, 0x00000000a5780000, 0x00000000e0000000)
  object space 89600K, 70% used [0x00000000a0000000,0x00000000a3d89ae8,0x00000000a5780000)
 Metaspace       used 90311K, capacity 93168K, committed 93312K, reserved 1130496K
  class space    used 11454K, capacity 12121K, committed 12160K, reserved 1048576K
Event: 97.139 GC heap after
Heap after GC invocations=18 (full 3):
 PSYoungGen      total 321024K, used 27645K [0x00000000e0000000, 0x00000000f5480000, 0x0000000100000000)
  eden space 293376K, 0% used [0x00000000e0000000,0x00000000e0000000,0x00000000f1e80000)
  from space 27648K, 99% used [0x00000000f1e80000,0x00000000f397f508,0x00000000f3980000)
  to   space 19968K, 0% used [0x00000000f4100000,0x00000000f4100000,0x00000000f5480000)
 ParOldGen       total 89600K, used 84503K [0x00000000a0000000, 0x00000000a5780000, 0x00000000e0000000)
  object space 89600K, 94% used [0x00000000a0000000,0x00000000a5285fe0,0x00000000a5780000)
 Metaspace       used 90311K, capacity 93168K, committed 93312K, reserved 1130496K
  class space    used 11454K, capacity 12121K, committed 12160K, reserved 1048576K
}
Event: 97.139 GC heap before
{Heap before GC invocations=19 (full 4):
 PSYoungGen      total 321024K, used 27645K [0x00000000e0000000, 0x00000000f5480000, 0x0000000100000000)
  eden space 293376K, 0% used [0x00000000e0000000,0x00000000e0000000,0x00000000f1e80000)
  from space 27648K, 99% used [0x00000000f1e80000,0x00000000f397f508,0x00000000f3980000)
  to   space 19968K, 0% used [0x00000000f4100000,0x00000000f4100000,0x00000000f5480000)
 ParOldGen       total 89600K, used 84503K [0x00000000a0000000, 0x00000000a5780000, 0x00000000e0000000)
  object space 89600K, 94% used [0x00000000a0000000,0x00000000a5285fe0,0x00000000a5780000)
 Metaspace       used 90311K, capacity 93168K, committed 93312K, reserved 1130496K
  class space    used 11454K, capacity 12121K, committed 12160K, reserved 1048576K
Event: 97.434 GC heap after
Heap after GC invocations=19 (full 4):
 PSYoungGen      total 321024K, used 0K [0x00000000e0000000, 0x00000000f5480000, 0x0000000100000000)
  eden space 293376K, 0% used [0x00000000e0000000,0x00000000e0000000,0x00000000f1e80000)
  from space 27648K, 0% used [0x00000000f1e80000,0x00000000f1e80000,0x00000000f3980000)
  to   space 19968K, 0% used [0x00000000f4100000,0x00000000f4100000,0x00000000f5480000)
 ParOldGen       total 147456K, used 89003K [0x00000000a0000000, 0x00000000a9000000, 0x00000000e0000000)
  object space 147456K, 60% used [0x00000000a0000000,0x00000000a56eac00,0x00000000a9000000)
 Metaspace       used 90218K, capacity 92904K, committed 93312K, reserved 1130496K
  class space    used 11422K, capacity 12065K, committed 12160K, reserved 1048576K
}

