# JRE version: OpenJDK Runtime Environment (8.0_152-b06) (build 1.8.0_152-release-1136-b06)
# Java VM: OpenJDK 64-Bit Server VM (25.152-b06 mixed mode windows-amd64 compressed oops)
Heap:
 PSYoungGen      total 331776K, used 211806K [0x00000000e0000000, 0x00000000f7d80000, 0x0000000100000000)
  eden space 275968K, 72% used [0x00000000e0000000,0x00000000ec310f18,0x00000000f0d80000)
  from space 55808K, 21% used [0x00000000f4700000,0x00000000f52c6bf8,0x00000000f7d80000)
  to   space 57344K, 0% used [0x00000000f0d80000,0x00000000f0d80000,0x00000000f4580000)
 ParOldGen       total 173568K, used 75488K [0x00000000a0000000, 0x00000000aa980000, 0x00000000e0000000)
  object space 173568K, 43% used [0x00000000a0000000,0x00000000a49b8248,0x00000000aa980000)
 Metaspace       used 95706K, capacity 99326K, committed 99416K, reserved 1136640K
  class space    used 12236K, capacity 13059K, committed 13144K, reserved 1048576K
GC Heap History (10 events):
Event: 59.589 GC heap before
{Heap before GC invocations=20 (full 3):
 PSYoungGen      total 247808K, used 245463K [0x00000000e0000000, 0x00000000f0f80000, 0x0000000100000000)
  eden space 229888K, 100% used [0x00000000e0000000,0x00000000ee080000,0x00000000ee080000)
  from space 17920K, 86% used [0x00000000efe00000,0x00000000f0d35f80,0x00000000f0f80000)
  to   space 24064K, 0% used [0x00000000ee080000,0x00000000ee080000,0x00000000ef800000)
 ParOldGen       total 109056K, used 45385K [0x00000000a0000000, 0x00000000a6a80000, 0x00000000e0000000)
  object space 109056K, 41% used [0x00000000a0000000,0x00000000a2c527b0,0x00000000a6a80000)
 Metaspace       used 68256K, capacity 70608K, committed 70744K, reserved 1110016K
  class space    used 8927K, capacity 9520K, committed 9560K, reserved 1048576K
Event: 59.623 GC heap after
Heap after GC invocations=20 (full 3):
 PSYoungGen      total 253952K, used 24062K [0x00000000e0000000, 0x00000000f3680000, 0x0000000100000000)
  eden space 229888K, 0% used [0x00000000e0000000,0x00000000e0000000,0x00000000ee080000)
  from space 24064K, 99% used [0x00000000ee080000,0x00000000ef7ff8f0,0x00000000ef800000)
  to   space 28672K, 0% used [0x00000000f1a80000,0x00000000f1a80000,0x00000000f3680000)
 ParOldGen       total 109056K, used 48341K [0x00000000a0000000, 0x00000000a6a80000, 0x00000000e0000000)
  object space 109056K, 44% used [0x00000000a0000000,0x00000000a2f356c0,0x00000000a6a80000)
 Metaspace       used 68256K, capacity 70608K, committed 70744K, reserved 1110016K
  class space    used 8927K, capacity 9520K, committed 9560K, reserved 1048576K
}
Event: 68.807 GC heap before
{Heap before GC invocations=21 (full 3):
 PSYoungGen      total 253952K, used 253950K [0x00000000e0000000, 0x00000000f3680000, 0x0000000100000000)
  eden space 229888K, 100% used [0x00000000e0000000,0x00000000ee080000,0x00000000ee080000)
  from space 24064K, 99% used [0x00000000ee080000,0x00000000ef7ff8f0,0x00000000ef800000)
  to   space 28672K, 0% used [0x00000000f1a80000,0x00000000f1a80000,0x00000000f3680000)
 ParOldGen       total 109056K, used 48341K [0x00000000a0000000, 0x00000000a6a80000, 0x00000000e0000000)
  object space 109056K, 44% used [0x00000000a0000000,0x00000000a2f356c0,0x00000000a6a80000)
 Metaspace       used 78552K, capacity 81106K, committed 81240K, reserved 1120256K
  class space    used 10208K, capacity 10837K, committed 10840K, reserved 1048576K
Event: 68.908 GC heap after
Heap after GC invocations=21 (full 3):
 PSYoungGen      total 274944K, used 28659K [0x00000000e0000000, 0x00000000f5080000, 0x0000000100000000)
  eden space 246272K, 0% used [0x00000000e0000000,0x00000000e0000000,0x00000000ef080000)
  from space 28672K, 99% used [0x00000000f1a80000,0x00000000f367ce98,0x00000000f3680000)
  to   space 43008K, 0% used [0x00000000ef080000,0x00000000ef080000,0x00000000f1a80000)
 ParOldGen       total 109056K, used 75353K [0x00000000a0000000, 0x00000000a6a80000, 0x00000000e0000000)
  object space 109056K, 69% used [0x00000000a0000000,0x00000000a49964a0,0x00000000a6a80000)
 Metaspace       used 78552K, capacity 81106K, committed 81240K, reserved 1120256K
  class space    used 10208K, capacity 10837K, committed 10840K, reserved 1048576K
}
Event: 76.778 GC heap before
{Heap before GC invocations=22 (full 3):
 PSYoungGen      total 274944K, used 274931K [0x00000000e0000000, 0x00000000f5080000, 0x0000000100000000)
  eden space 246272K, 100% used [0x00000000e0000000,0x00000000ef080000,0x00000000ef080000)
  from space 28672K, 99% used [0x00000000f1a80000,0x00000000f367ce98,0x00000000f3680000)
  to   space 43008K, 0% used [0x00000000ef080000,0x00000000ef080000,0x00000000f1a80000)
 ParOldGen       total 109056K, used 75353K [0x00000000a0000000, 0x00000000a6a80000, 0x00000000e0000000)
  object space 109056K, 69% used [0x00000000a0000000,0x00000000a49964a0,0x00000000a6a80000)
 Metaspace       used 85991K, capacity 88846K, committed 88920K, reserved 1126400K
  class space    used 11084K, capacity 11839K, committed 11864K, reserved 1048576K
Event: 76.863 GC heap after
Heap after GC invocations=22 (full 3):
 PSYoungGen      total 289280K, used 43004K [0x00000000e0000000, 0x00000000f8100000, 0x0000000100000000)
  eden space 246272K, 0% used [0x00000000e0000000,0x00000000e0000000,0x00000000ef080000)
  from space 43008K, 99% used [0x00000000ef080000,0x00000000f1a7f090,0x00000000f1a80000)
  to   space 59392K, 0% used [0x00000000f4700000,0x00000000f4700000,0x00000000f8100000)
 ParOldGen       total 109056K, used 100451K [0x00000000a0000000, 0x00000000a6a80000, 0x00000000e0000000)
  object space 109056K, 92% used [0x00000000a0000000,0x00000000a6218c58,0x00000000a6a80000)
 Metaspace       used 85991K, capacity 88846K, committed 88920K, reserved 1126400K
  class space    used 11084K, capacity 11839K, committed 11864K, reserved 1048576K
}
Event: 76.863 GC heap before
{Heap before GC invocations=23 (full 4):
 PSYoungGen      total 289280K, used 43004K [0x00000000e0000000, 0x00000000f8100000, 0x0000000100000000)
  eden space 246272K, 0% used [0x00000000e0000000,0x00000000e0000000,0x00000000ef080000)
  from space 43008K, 99% used [0x00000000ef080000,0x00000000f1a7f090,0x00000000f1a80000)
  to   space 59392K, 0% used [0x00000000f4700000,0x00000000f4700000,0x00000000f8100000)
 ParOldGen       total 109056K, used 100451K [0x00000000a0000000, 0x00000000a6a80000, 0x00000000e0000000)
  object space 109056K, 92% used [0x00000000a0000000,0x00000000a6218c58,0x00000000a6a80000)
 Metaspace       used 85991K, capacity 88846K, committed 88920K, reserved 1126400K
  class space    used 11084K, capacity 11839K, committed 11864K, reserved 1048576K
Event: 77.098 GC heap after
Heap after GC invocations=23 (full 4):
 PSYoungGen      total 289280K, used 0K [0x00000000e0000000, 0x00000000f8100000, 0x0000000100000000)
  eden space 246272K, 0% used [0x00000000e0000000,0x00000000e0000000,0x00000000ef080000)
  from space 43008K, 0% used [0x00000000ef080000,0x00000000ef080000,0x00000000f1a80000)
  to   space 59392K, 0% used [0x00000000f4700000,0x00000000f4700000,0x00000000f8100000)
 ParOldGen       total 173568K, used 75480K [0x00000000a0000000, 0x00000000aa980000, 0x00000000e0000000)
  object space 173568K, 43% used [0x00000000a0000000,0x00000000a49b6248,0x00000000aa980000)
 Metaspace       used 85991K, capacity 88846K, committed 88920K, reserved 1126400K
  class space    used 11084K, capacity 11839K, committed 11864K, reserved 1048576K
}
Event: 84.228 GC heap before
{Heap before GC invocations=24 (full 4):
 PSYoungGen      total 289280K, used 246272K [0x00000000e0000000, 0x00000000f8100000, 0x0000000100000000)
  eden space 246272K, 100% used [0x00000000e0000000,0x00000000ef080000,0x00000000ef080000)
  from space 43008K, 0% used [0x00000000ef080000,0x00000000ef080000,0x00000000f1a80000)
  to   space 59392K, 0% used [0x00000000f4700000,0x00000000f4700000,0x00000000f8100000)
 ParOldGen       total 173568K, used 75480K [0x00000000a0000000, 0x00000000aa980000, 0x00000000e0000000)
  object space 173568K, 43% used [0x00000000a0000000,0x00000000a49b6248,0x00000000aa980000)
 Metaspace       used 94851K, capacity 98438K, committed 98520K, reserved 1134592K
  class space    used 12138K, capacity 12977K, committed 13016K, reserved 1048576K
Event: 84.252 GC heap after
Heap after GC invocations=24 (full 4):
 PSYoungGen      total 331776K, used 12058K [0x00000000e0000000, 0x00000000f7d80000, 0x0000000100000000)
  eden space 275968K, 0% used [0x00000000e0000000,0x00000000e0000000,0x00000000f0d80000)
  from space 55808K, 21% used [0x00000000f4700000,0x00000000f52c6bf8,0x00000000f7d80000)
  to   space 57344K, 0% used [0x00000000f0d80000,0x00000000f0d80000,0x00000000f4580000)
 ParOldGen       total 173568K, used 75488K [0x00000000a0000000, 0x00000000aa980000, 0x00000000e0000000)
  object space 173568K, 43% used [0x00000000a0000000,0x00000000a49b8248,0x00000000aa980000)
 Metaspace       used 94851K, capacity 98438K, committed 98520K, reserved 1134592K
  class space    used 12138K, capacity 12977K, committed 13016K, reserved 1048576K
}

